<?xml version="1.0" encoding="UTF-8" ?>
<testsuite failures="0" time="0.425" errors="0" skipped="0" tests="2" name="org.foo.web.TestUserController">
  <properties>
    <property name="java.runtime.name" value="Java(TM) SE Runtime Environment"/>
    <property name="sun.boot.library.path" value="/Library/Java/JavaVirtualMachines/1.6.0_29-b11-402.jdk/Contents/Libraries"/>
    <property name="java.vm.version" value="20.4-b02-402"/>
    <property name="awt.nativeDoubleBuffering" value="true"/>
    <property name="gopherProxySet" value="false"/>
    <property name="mrj.build" value="10M3527"/>
    <property name="java.vm.vendor" value="Apple Inc."/>
    <property name="java.vendor.url" value="http://www.apple.com/"/>
    <property name="path.separator" value=":"/>
    <property name="java.vm.name" value="Java HotSpot(TM) 64-Bit Server VM"/>
    <property name="file.encoding.pkg" value="sun.io"/>
    <property name="user.country" value="US"/>
    <property name="sun.java.launcher" value="SUN_STANDARD"/>
    <property name="sun.os.patch.level" value="unknown"/>
    <property name="java.vm.specification.name" value="Java Virtual Machine Specification"/>
    <property name="user.dir" value="/Users/phayes/Documents/eclipse-indigo-3.7-java-1.7/mav-mod/mav-mod-webapp"/>
    <property name="java.runtime.version" value="1.6.0_29-b11-402-10M3527"/>
    <property name="java.awt.graphicsenv" value="apple.awt.CGraphicsEnvironment"/>
    <property name="basedir" value="/Users/phayes/Documents/eclipse-indigo-3.7-java-1.7/mav-mod/mav-mod-webapp"/>
    <property name="java.endorsed.dirs" value="/Library/Java/JavaVirtualMachines/1.6.0_29-b11-402.jdk/Contents/Home/lib/endorsed"/>
    <property name="os.arch" value="x86_64"/>
    <property name="surefire.real.class.path" value="/Users/phayes/Documents/eclipse-indigo-3.7-java-1.7/mav-mod/mav-mod-webapp/target/surefire/surefirebooter2846896453743349551.jar"/>
    <property name="java.io.tmpdir" value="/var/folders/jQ/jQ2c5orz2RaJJU+8ZM1UJU+++TM/-Tmp-/"/>
    <property name="line.separator" value="
"/>
    <property name="java.vm.specification.vendor" value="Sun Microsystems Inc."/>
    <property name="os.name" value="Mac OS X"/>
    <property name="sun.jnu.encoding" value="MacRoman"/>
    <property name="java.library.path" value=".:/Library/Java/Extensions:/System/Library/Java/Extensions:/usr/lib/java"/>
    <property name="surefire.test.class.path" value="/Users/phayes/Documents/eclipse-indigo-3.7-java-1.7/mav-mod/mav-mod-webapp/target/test-classes:/Users/phayes/Documents/eclipse-indigo-3.7-java-1.7/mav-mod/mav-mod-webapp/target/classes:/Users/phayes/Documents/eclipse-indigo-3.7-java-1.7/mav-mod/mav-mod-service/target/classes:/Users/phayes/Documents/eclipse-indigo-3.7-java-1.7/mav-mod/mav-mod-persistence/target/classes:/Users/phayes/Documents/eclipse-indigo-3.7-java-1.7/mav-mod/mav-mod-model/target/classes:/Users/phayes/.m2/repository/junit/junit/4.8.2/junit-4.8.2.jar:/Users/phayes/.m2/repository/org/slf4j/slf4j-api/1.6.1/slf4j-api-1.6.1.jar:/Users/phayes/.m2/repository/org/slf4j/jcl-over-slf4j/1.6.1/jcl-over-slf4j-1.6.1.jar:/Users/phayes/.m2/repository/org/slf4j/slf4j-log4j12/1.6.1/slf4j-log4j12-1.6.1.jar:/Users/phayes/.m2/repository/log4j/log4j/1.2.16/log4j-1.2.16.jar:/Users/phayes/.m2/repository/org/springframework/spring-context/3.1.0.RC1/spring-context-3.1.0.RC1.jar:/Users/phayes/.m2/repository/org/springframework/spring-aop/3.1.0.RC1/spring-aop-3.1.0.RC1.jar:/Users/phayes/.m2/repository/aopalliance/aopalliance/1.0/aopalliance-1.0.jar:/Users/phayes/.m2/repository/org/springframework/spring-beans/3.1.0.RC1/spring-beans-3.1.0.RC1.jar:/Users/phayes/.m2/repository/org/springframework/spring-core/3.1.0.RC1/spring-core-3.1.0.RC1.jar:/Users/phayes/.m2/repository/org/springframework/spring-expression/3.1.0.RC1/spring-expression-3.1.0.RC1.jar:/Users/phayes/.m2/repository/org/springframework/spring-asm/3.1.0.RC1/spring-asm-3.1.0.RC1.jar:/Users/phayes/.m2/repository/org/springframework/spring-webmvc/3.1.0.RC1/spring-webmvc-3.1.0.RC1.jar:/Users/phayes/.m2/repository/org/springframework/spring-context-support/3.1.0.RC1/spring-context-support-3.1.0.RC1.jar:/Users/phayes/.m2/repository/org/springframework/spring-web/3.1.0.RC1/spring-web-3.1.0.RC1.jar:/Users/phayes/.m2/repository/javax/inject/javax.inject/1/javax.inject-1.jar:/Users/phayes/.m2/repository/org/mockito/mockito-all/1.8.5/mockito-all-1.8.5.jar:/Users/phayes/.m2/repository/apache-xerces/xercesImpl/2.9.0/xercesImpl-2.9.0.jar:/Users/phayes/.m2/repository/com/caucho/resin/4.0.17/resin-4.0.17.jar:/Users/phayes/.m2/repository/com/caucho/resin-javaee16/4.0.17/resin-javaee16-4.0.17.jar:/Users/phayes/.m2/repository/javax/activation/activation/1.1/activation-1.1.jar:/Users/phayes/.m2/repository/javax/annotation/jsr250-api/1.0/jsr250-api-1.0.jar:/Users/phayes/.m2/repository/javax/mail/mail/1.4/mail-1.4.jar:/Users/phayes/.m2/repository/javax/servlet/servlet-api/2.5/servlet-api-2.5.jar:/Users/phayes/.m2/repository/javax/servlet/jsp/jsp-api/2.1/jsp-api-2.1.jar:/Users/phayes/.m2/repository/javax/servlet/jstl/1.2/jstl-1.2.jar:"/>
    <property name="java.specification.name" value="Java Platform API Specification"/>
    <property name="java.class.version" value="50.0"/>
    <property name="sun.management.compiler" value="HotSpot 64-Bit Tiered Compilers"/>
    <property name="os.version" value="10.6.8"/>
    <property name="user.home" value="/Users/phayes"/>
    <property name="user.timezone" value=""/>
    <property name="java.awt.printerjob" value="apple.awt.CPrinterJob"/>
    <property name="java.specification.version" value="1.6"/>
    <property name="file.encoding" value="MacRoman"/>
    <property name="user.name" value="phayes"/>
    <property name="java.class.path" value="/Users/phayes/Documents/eclipse-indigo-3.7-java-1.7/mav-mod/mav-mod-webapp/target/test-classes:/Users/phayes/Documents/eclipse-indigo-3.7-java-1.7/mav-mod/mav-mod-webapp/target/classes:/Users/phayes/Documents/eclipse-indigo-3.7-java-1.7/mav-mod/mav-mod-service/target/classes:/Users/phayes/Documents/eclipse-indigo-3.7-java-1.7/mav-mod/mav-mod-persistence/target/classes:/Users/phayes/Documents/eclipse-indigo-3.7-java-1.7/mav-mod/mav-mod-model/target/classes:/Users/phayes/.m2/repository/junit/junit/4.8.2/junit-4.8.2.jar:/Users/phayes/.m2/repository/org/slf4j/slf4j-api/1.6.1/slf4j-api-1.6.1.jar:/Users/phayes/.m2/repository/org/slf4j/jcl-over-slf4j/1.6.1/jcl-over-slf4j-1.6.1.jar:/Users/phayes/.m2/repository/org/slf4j/slf4j-log4j12/1.6.1/slf4j-log4j12-1.6.1.jar:/Users/phayes/.m2/repository/log4j/log4j/1.2.16/log4j-1.2.16.jar:/Users/phayes/.m2/repository/org/springframework/spring-context/3.1.0.RC1/spring-context-3.1.0.RC1.jar:/Users/phayes/.m2/repository/org/springframework/spring-aop/3.1.0.RC1/spring-aop-3.1.0.RC1.jar:/Users/phayes/.m2/repository/aopalliance/aopalliance/1.0/aopalliance-1.0.jar:/Users/phayes/.m2/repository/org/springframework/spring-beans/3.1.0.RC1/spring-beans-3.1.0.RC1.jar:/Users/phayes/.m2/repository/org/springframework/spring-core/3.1.0.RC1/spring-core-3.1.0.RC1.jar:/Users/phayes/.m2/repository/org/springframework/spring-expression/3.1.0.RC1/spring-expression-3.1.0.RC1.jar:/Users/phayes/.m2/repository/org/springframework/spring-asm/3.1.0.RC1/spring-asm-3.1.0.RC1.jar:/Users/phayes/.m2/repository/org/springframework/spring-webmvc/3.1.0.RC1/spring-webmvc-3.1.0.RC1.jar:/Users/phayes/.m2/repository/org/springframework/spring-context-support/3.1.0.RC1/spring-context-support-3.1.0.RC1.jar:/Users/phayes/.m2/repository/org/springframework/spring-web/3.1.0.RC1/spring-web-3.1.0.RC1.jar:/Users/phayes/.m2/repository/javax/inject/javax.inject/1/javax.inject-1.jar:/Users/phayes/.m2/repository/org/mockito/mockito-all/1.8.5/mockito-all-1.8.5.jar:/Users/phayes/.m2/repository/apache-xerces/xercesImpl/2.9.0/xercesImpl-2.9.0.jar:/Users/phayes/.m2/repository/com/caucho/resin/4.0.17/resin-4.0.17.jar:/Users/phayes/.m2/repository/com/caucho/resin-javaee16/4.0.17/resin-javaee16-4.0.17.jar:/Users/phayes/.m2/repository/javax/activation/activation/1.1/activation-1.1.jar:/Users/phayes/.m2/repository/javax/annotation/jsr250-api/1.0/jsr250-api-1.0.jar:/Users/phayes/.m2/repository/javax/mail/mail/1.4/mail-1.4.jar:/Users/phayes/.m2/repository/javax/servlet/servlet-api/2.5/servlet-api-2.5.jar:/Users/phayes/.m2/repository/javax/servlet/jsp/jsp-api/2.1/jsp-api-2.1.jar:/Users/phayes/.m2/repository/javax/servlet/jstl/1.2/jstl-1.2.jar:"/>
    <property name="java.vm.specification.version" value="1.0"/>
    <property name="sun.arch.data.model" value="64"/>
    <property name="java.home" value="/Library/Java/JavaVirtualMachines/1.6.0_29-b11-402.jdk/Contents/Home"/>
    <property name="sun.java.command" value="/Users/phayes/Documents/eclipse-indigo-3.7-java-1.7/mav-mod/mav-mod-webapp/target/surefire/surefirebooter2846896453743349551.jar /Users/phayes/Documents/eclipse-indigo-3.7-java-1.7/mav-mod/mav-mod-webapp/target/surefire/surefire3693755553978337823tmp /Users/phayes/Documents/eclipse-indigo-3.7-java-1.7/mav-mod/mav-mod-webapp/target/surefire/surefire4177578748899166826tmp"/>
    <property name="java.specification.vendor" value="Sun Microsystems Inc."/>
    <property name="user.language" value="en"/>
    <property name="awt.toolkit" value="apple.awt.CToolkit"/>
    <property name="java.vm.info" value="mixed mode"/>
    <property name="java.version" value="1.6.0_29"/>
    <property name="java.ext.dirs" value="/Library/Java/Extensions:/System/Library/Java/Extensions:/Library/Java/JavaVirtualMachines/1.6.0_29-b11-402.jdk/Contents/Home/lib/ext"/>
    <property name="sun.boot.class.path" value="/Library/Java/JavaVirtualMachines/1.6.0_29-b11-402.jdk/Contents/Classes/jsfd.jar:/Library/Java/JavaVirtualMachines/1.6.0_29-b11-402.jdk/Contents/Classes/classes.jar:/System/Library/Frameworks/JavaVM.framework/Frameworks/JavaRuntimeSupport.framework/Resources/Java/JavaRuntimeSupport.jar:/Library/Java/JavaVirtualMachines/1.6.0_29-b11-402.jdk/Contents/Classes/ui.jar:/Library/Java/JavaVirtualMachines/1.6.0_29-b11-402.jdk/Contents/Classes/laf.jar:/Library/Java/JavaVirtualMachines/1.6.0_29-b11-402.jdk/Contents/Classes/sunrsasign.jar:/Library/Java/JavaVirtualMachines/1.6.0_29-b11-402.jdk/Contents/Classes/jsse.jar:/Library/Java/JavaVirtualMachines/1.6.0_29-b11-402.jdk/Contents/Classes/jce.jar:/Library/Java/JavaVirtualMachines/1.6.0_29-b11-402.jdk/Contents/Classes/charsets.jar"/>
    <property name="java.vendor" value="Apple Inc."/>
    <property name="localRepository" value="/Users/phayes/.m2/repository"/>
    <property name="file.separator" value="/"/>
    <property name="java.vendor.url.bug" value="http://bugreport.apple.com/"/>
    <property name="sun.cpu.endian" value="little"/>
    <property name="sun.io.unicode.encoding" value="UnicodeLittle"/>
    <property name="mrj.version" value="1060.1.6.0_29-402"/>
    <property name="sun.cpu.isalist" value=""/>
  </properties>
  <testcase time="0.349" classname="org.foo.web.TestUserController" name="testAddUser"/>
  <testcase time="0.004" classname="org.foo.web.TestUserController" name="testGetUser"/>
</testsuite>